2024-09-05 19:56:43,557 [risk_factor_profile, line 105] ERROR: Could not find 'help-inline' div for 2 and 3
2024-09-05 20:27:22,095 [risk_factor_profile, line 103] INFO: param02 = '02'; param232 = '003'; total_pages = 1265
2024-09-05 20:27:31,503 [risk_factor_profile, line 217] INFO: page_num = 1
2024-09-05 20:27:31,774 [risk_factor_profile, line 227] INFO: param02 = '02'; param232 = '003'
2024-09-05 20:38:44,044 [risk_factor_profile, line 107] INFO: param02 = '02'; param232 = '003'; total_pages = 1265
2024-09-05 20:50:41,402 [risk_factor_profile, line 107] INFO: param02 = '02'; param232 = '003'; total_pages = 1265
2024-09-05 20:59:00,267 [risk_factor_profile, line 107] INFO: param02 = '02'; param232 = '003'; total_pages = 1265
2024-09-05 20:59:50,871 [risk_factor_profile, line 107] DEBUG: param02 = '02'; param232 = '003'; total_pages = 1,265
2024-09-05 21:01:38,762 [risk_factor_profile, line 107] DEBUG: param02 = '02'; param232 = '003'; total_pages = 1,265
2024-09-05 23:41:00,304 [risk_factor_profile, line 107] DEBUG: param02 = '02'; param232 = '010'; total_pages = 257
2024-09-05 23:50:37,132 [risk_factor_profile, line 107] DEBUG: param02 = '02'; param232 = '112'; total_pages = 175
2024-09-05 23:55:59,317 [risk_factor_profile, line 107] DEBUG: param02 = '02'; param232 = '015'; total_pages = 147
2024-09-06 00:00:09,689 [risk_factor_profile, line 107] DEBUG: param02 = '02'; param232 = '202'; total_pages = 123
2024-09-06 00:03:24,541 [risk_factor_profile, line 107] DEBUG: param02 = '03'; param232 = '232'; total_pages = 2
2024-09-06 00:03:28,332 [risk_factor_profile, line 107] DEBUG: param02 = '03'; param232 = '003'; total_pages = 1
2024-09-06 00:03:31,232 [risk_factor_profile, line 107] DEBUG: param02 = '03'; param232 = '046'; total_pages = 1
2024-09-06 00:03:34,086 [risk_factor_profile, line 107] DEBUG: param02 = '03'; param232 = '217'; total_pages = 1
2024-09-06 00:03:36,709 [risk_factor_profile, line 107] DEBUG: param02 = '03'; param232 = '202'; total_pages = 1
2024-09-06 00:03:39,806 [risk_factor_profile, line 107] DEBUG: param02 = '04'; param232 = '141'; total_pages = 26
2024-09-06 00:04:07,862 [risk_factor_profile, line 107] DEBUG: param02 = '04'; param232 = '999'; total_pages = 11
2024-09-06 00:04:20,240 [risk_factor_profile, line 107] DEBUG: param02 = '04'; param232 = '202'; total_pages = 7
2024-09-06 00:04:28,676 [risk_factor_profile, line 107] DEBUG: param02 = '04'; param232 = '020'; total_pages = 4
2024-09-06 00:04:34,409 [risk_factor_profile, line 107] DEBUG: param02 = '04'; param232 = '117'; total_pages = 4
2024-09-06 00:04:40,278 [risk_factor_profile, line 107] DEBUG: param02 = '05'; param232 = '232'; total_pages = 5
2024-09-06 00:04:46,642 [risk_factor_profile, line 107] DEBUG: param02 = '05'; param232 = '047'; total_pages = 3
2024-09-06 00:04:51,254 [risk_factor_profile, line 107] DEBUG: param02 = '05'; param232 = '202'; total_pages = 2
2024-09-06 00:04:54,743 [risk_factor_profile, line 107] DEBUG: param02 = '05'; param232 = '239'; total_pages = 2
2024-09-06 00:04:58,450 [risk_factor_profile, line 107] DEBUG: param02 = '05'; param232 = '999'; total_pages = 2
2024-09-06 00:05:05,277 [risk_factor_profile, line 107] DEBUG: param02 = '06'; param232 = '217'; total_pages = 571
2024-09-06 00:44:09,589 [risk_factor_profile, line 107] DEBUG: param02 = '06'; param232 = '003'; total_pages = 300
2024-09-06 00:56:26,490 [risk_factor_profile, line 107] DEBUG: param02 = '06'; param232 = '117'; total_pages = 145
2024-09-06 01:00:21,000 [risk_factor_profile, line 107] DEBUG: param02 = '06'; param232 = '046'; total_pages = 103
2024-09-06 01:02:46,957 [risk_factor_profile, line 107] DEBUG: param02 = '06'; param232 = '999'; total_pages = 102
2024-09-06 01:05:16,828 [risk_factor_profile, line 107] DEBUG: param02 = '07'; param232 = '204'; total_pages = 173
2024-09-06 10:01:52,358 [risk_factor_profile, line 107] DEBUG: param02 = '07'; param232 = '204'; total_pages = 173
2024-09-06 10:02:08,509 [risk_factor_profile, line 107] DEBUG: param02 = '07'; param232 = '050'; total_pages = 32
2024-09-06 10:03:20,463 [risk_factor_profile, line 107] DEBUG: param02 = '07'; param232 = '047'; total_pages = 21
2024-09-06 10:04:18,691 [risk_factor_profile, line 107] DEBUG: param02 = '07'; param232 = '003'; total_pages = 7
2024-09-06 10:04:31,355 [risk_factor_profile, line 107] DEBUG: param02 = '07'; param232 = '202'; total_pages = 4
2024-09-06 10:04:49,948 [risk_factor_profile, line 107] DEBUG: param02 = '08'; param232 = '024'; total_pages = 253
2024-09-06 10:47:11,622 [risk_factor_profile, line 107] DEBUG: param02 = '08'; param232 = '024'; total_pages = 253
2024-09-06 11:20:19,332 [risk_factor_profile, line 107] DEBUG: param02 = '08'; param232 = '002'; total_pages = 159
2024-09-06 11:27:05,210 [risk_factor_profile, line 107] DEBUG: param02 = '08'; param232 = '015'; total_pages = 77
2024-09-06 11:29:00,220 [risk_factor_profile, line 107] DEBUG: param02 = '08'; param232 = '999'; total_pages = 72
2024-09-06 11:30:46,080 [risk_factor_profile, line 107] DEBUG: param02 = '08'; param232 = '103'; total_pages = 47
2024-09-06 11:31:43,509 [risk_factor_profile, line 107] DEBUG: param02 = '09'; param232 = '202'; total_pages = 3
2024-09-06 11:31:47,758 [risk_factor_profile, line 107] DEBUG: param02 = '09'; param232 = '020'; total_pages = 3
2024-09-06 11:31:56,974 [risk_factor_profile, line 107] DEBUG: param02 = '09'; param232 = '999'; total_pages = 3
2024-09-06 11:32:01,850 [risk_factor_profile, line 107] DEBUG: param02 = '09'; param232 = '103'; total_pages = 2
2024-09-06 11:32:05,535 [risk_factor_profile, line 107] DEBUG: param02 = '09'; param232 = '046'; total_pages = 2
2024-09-06 11:32:10,172 [risk_factor_profile, line 107] DEBUG: param02 = '10'; param232 = '214'; total_pages = 175
2024-09-06 11:38:33,356 [risk_factor_profile, line 107] DEBUG: param02 = '10'; param232 = '999'; total_pages = 154
2024-09-06 11:43:46,033 [risk_factor_profile, line 107] DEBUG: param02 = '10'; param232 = '217'; total_pages = 112
2024-09-06 11:46:48,028 [risk_factor_profile, line 107] DEBUG: param02 = '10'; param232 = '202'; total_pages = 112
2024-09-06 11:49:43,690 [risk_factor_profile, line 107] DEBUG: param02 = '10'; param232 = '046'; total_pages = 110
2024-09-06 11:52:25,708 [risk_factor_profile, line 107] DEBUG: param02 = '11'; param232 = '999'; total_pages = 46
2024-09-06 11:53:18,543 [risk_factor_profile, line 107] DEBUG: param02 = '11'; param232 = '202'; total_pages = 44
2024-09-06 11:54:08,792 [risk_factor_profile, line 107] DEBUG: param02 = '11'; param232 = '046'; total_pages = 14
2024-09-06 11:54:23,197 [risk_factor_profile, line 107] DEBUG: param02 = '11'; param232 = '228'; total_pages = 14
2024-09-06 11:54:38,068 [risk_factor_profile, line 107] DEBUG: param02 = '11'; param232 = '226'; total_pages = 13
2024-09-06 11:54:51,719 [risk_factor_profile, line 107] DEBUG: param02 = '12'; param232 = '014'; total_pages = 8
2024-09-06 11:55:00,680 [risk_factor_profile, line 107] DEBUG: param02 = '12'; param232 = '999'; total_pages = 7
2024-09-06 11:55:09,159 [risk_factor_profile, line 107] DEBUG: param02 = '12'; param232 = '202'; total_pages = 5
2024-09-06 11:55:15,404 [risk_factor_profile, line 107] DEBUG: param02 = '12'; param232 = '020'; total_pages = 2
2024-09-06 11:55:18,810 [risk_factor_profile, line 107] DEBUG: param02 = '12'; param232 = '016'; total_pages = 2
2024-09-06 11:55:22,971 [risk_factor_profile, line 107] DEBUG: param02 = '13'; param232 = '202'; total_pages = 118
2024-09-06 11:58:24,346 [risk_factor_profile, line 107] DEBUG: param02 = '13'; param232 = '019'; total_pages = 95
2024-09-06 12:00:41,311 [risk_factor_profile, line 107] DEBUG: param02 = '13'; param232 = '999'; total_pages = 52
2024-09-06 12:01:44,434 [risk_factor_profile, line 107] DEBUG: param02 = '13'; param232 = '002'; total_pages = 35
2024-09-06 12:02:22,238 [risk_factor_profile, line 107] DEBUG: param02 = '13'; param232 = '226'; total_pages = 32
2024-09-06 12:02:57,010 [risk_factor_profile, line 107] DEBUG: param02 = '14'; param232 = '122'; total_pages = 63
2024-09-06 12:04:11,916 [risk_factor_profile, line 107] DEBUG: param02 = '14'; param232 = '098'; total_pages = 34
2024-09-06 12:04:48,248 [risk_factor_profile, line 107] DEBUG: param02 = '14'; param232 = '999'; total_pages = 29
2024-09-06 12:05:17,694 [risk_factor_profile, line 107] DEBUG: param02 = '14'; param232 = '023'; total_pages = 20
2024-09-06 12:05:38,188 [risk_factor_profile, line 107] DEBUG: param02 = '14'; param232 = '130'; total_pages = 14
2024-09-06 12:05:52,600 [risk_factor_profile, line 107] DEBUG: param02 = '15'; param232 = '999'; total_pages = 13
2024-09-06 12:06:06,009 [risk_factor_profile, line 107] DEBUG: param02 = '15'; param232 = '068'; total_pages = 4
2024-09-06 12:06:11,589 [risk_factor_profile, line 107] DEBUG: param02 = '15'; param232 = '033'; total_pages = 3
2024-09-06 12:06:16,260 [risk_factor_profile, line 107] DEBUG: param02 = '15'; param232 = '003'; total_pages = 3
2024-09-06 12:06:20,936 [risk_factor_profile, line 107] DEBUG: param02 = '15'; param232 = '202'; total_pages = 3
2024-09-06 12:06:25,673 [risk_factor_profile, line 107] DEBUG: param02 = '16'; param232 = '007'; total_pages = 58
2024-09-06 12:07:34,548 [risk_factor_profile, line 107] DEBUG: param02 = '16'; param232 = '999'; total_pages = 45
2024-09-06 12:08:24,239 [risk_factor_profile, line 107] DEBUG: param02 = '16'; param232 = '006'; total_pages = 29
2024-09-06 12:08:54,216 [risk_factor_profile, line 107] DEBUG: param02 = '16'; param232 = '002'; total_pages = 11
2024-09-06 12:09:06,269 [risk_factor_profile, line 107] DEBUG: param02 = '16'; param232 = '238'; total_pages = 10
2024-09-06 12:09:17,024 [risk_factor_profile, line 107] DEBUG: param02 = '17'; param232 = '999'; total_pages = 20
2024-09-06 12:09:37,238 [risk_factor_profile, line 107] DEBUG: param02 = '17'; param232 = '030'; total_pages = 10
2024-09-06 12:09:48,113 [risk_factor_profile, line 107] DEBUG: param02 = '17'; param232 = '202'; total_pages = 9
2024-09-06 12:09:57,712 [risk_factor_profile, line 107] DEBUG: param02 = '17'; param232 = '217'; total_pages = 8
2024-09-06 12:10:06,581 [risk_factor_profile, line 107] DEBUG: param02 = '17'; param232 = '033'; total_pages = 7
2024-09-06 12:10:14,981 [risk_factor_profile, line 107] DEBUG: param02 = '18'; param232 = '999'; total_pages = 13
2024-09-06 12:10:28,795 [risk_factor_profile, line 107] DEBUG: param02 = '18'; param232 = '239'; total_pages = 6
2024-09-06 12:10:35,843 [risk_factor_profile, line 107] DEBUG: param02 = '18'; param232 = '136'; total_pages = 4
2024-09-06 12:10:41,166 [risk_factor_profile, line 107] DEBUG: param02 = '18'; param232 = '202'; total_pages = 4
2024-09-06 12:10:46,467 [risk_factor_profile, line 107] DEBUG: param02 = '18'; param232 = '002'; total_pages = 2
2024-09-06 12:10:49,985 [risk_factor_profile, line 107] DEBUG: param02 = '19'; param232 = '999'; total_pages = 6
2024-09-06 12:10:57,351 [risk_factor_profile, line 107] DEBUG: param02 = '19'; param232 = '202'; total_pages = 5
2024-09-06 12:11:03,558 [risk_factor_profile, line 107] DEBUG: param02 = '19'; param232 = '117'; total_pages = 4
2024-09-06 12:11:09,362 [risk_factor_profile, line 107] DEBUG: param02 = '19'; param232 = '023'; total_pages = 2
2024-09-06 12:11:13,233 [risk_factor_profile, line 107] DEBUG: param02 = '19'; param232 = '239'; total_pages = 2
2024-09-06 12:11:21,089 [risk_factor_profile, line 107] DEBUG: param02 = '21'; param232 = '010'; total_pages = 782
2024-09-06 13:43:40,412 [risk_factor_profile, line 33] DEBUG: param02 = '21', param232 = '010', total_pages = 782
2024-09-06 13:45:40,150 [risk_factor_profile, line 33] DEBUG: param02 = '21', param232 = '010', total_pages = 782
2024-09-06 13:46:22,817 [risk_factor_profile, line 33] DEBUG: param02 = '21', param232 = '010', total_pages = 782
2024-09-06 14:03:14,685 [risk_factor_profile, line 27] WARNING: TimeoutError encountered in get_total_pages. Retrying 1/3...
2024-09-06 14:03:47,093 [risk_factor_profile, line 27] WARNING: TimeoutError encountered in get_total_pages. Retrying 2/3...
2024-09-06 14:04:19,453 [risk_factor_profile, line 30] ERROR: TimeoutError in get_total_pages after 3 retries.
2024-09-06 14:08:32,245 [risk_factor_profile, line 36] DEBUG: param02 = '21', param232 = '010', total_pages = 782
2024-09-06 14:10:37,731 [risk_factor_profile, line 27] WARNING: TimeoutError encountered in fetch_page_data. Retrying 1/3...
2024-09-06 14:11:09,744 [risk_factor_profile, line 27] WARNING: TimeoutError encountered in fetch_page_data. Retrying 2/3...
2024-09-06 14:11:41,751 [risk_factor_profile, line 30] ERROR: TimeoutError in fetch_page_data after 3 retries.
2024-09-06 14:29:13,573 [risk_factor_profile, line 36] DEBUG: param02 = '21', param232 = '010', total_pages = 782
2024-09-06 15:06:55,423 [risk_factor_profile, line 27] WARNING: TimeoutError encountered in fetch_page_data. Retrying 1/10...
2024-09-06 15:07:35,433 [risk_factor_profile, line 27] WARNING: TimeoutError encountered in fetch_page_data. Retrying 2/10...
2024-09-06 15:08:15,446 [risk_factor_profile, line 27] WARNING: TimeoutError encountered in fetch_page_data. Retrying 3/10...
2024-09-06 15:08:55,449 [risk_factor_profile, line 27] WARNING: TimeoutError encountered in fetch_page_data. Retrying 4/10...
2024-09-06 15:09:35,464 [risk_factor_profile, line 27] WARNING: TimeoutError encountered in fetch_page_data. Retrying 5/10...
2024-09-06 15:10:15,477 [risk_factor_profile, line 27] WARNING: TimeoutError encountered in fetch_page_data. Retrying 6/10...
2024-09-06 15:10:55,488 [risk_factor_profile, line 27] WARNING: TimeoutError encountered in fetch_page_data. Retrying 7/10...
2024-09-06 15:11:35,504 [risk_factor_profile, line 27] WARNING: TimeoutError encountered in fetch_page_data. Retrying 8/10...
2024-09-06 15:12:15,517 [risk_factor_profile, line 27] WARNING: TimeoutError encountered in fetch_page_data. Retrying 9/10...
2024-09-06 15:12:55,523 [risk_factor_profile, line 30] ERROR: TimeoutError in fetch_page_data after 10 retries.
2024-09-06 16:16:06,660 [risk_factor_profile, line 43] DEBUG: param02 = '21', param232 = '010', total_pages = 783
2024-09-06 17:49:50,165 [risk_factor_profile, line 43] DEBUG: param02 = '21', param232 = '015', total_pages = 143
2024-09-06 17:53:54,595 [risk_factor_profile, line 43] DEBUG: param02 = '21', param232 = '003', total_pages = 127
2024-09-06 17:57:13,476 [risk_factor_profile, line 43] DEBUG: param02 = '21', param232 = '112', total_pages = 79
2024-09-06 17:59:00,871 [risk_factor_profile, line 43] DEBUG: param02 = '21', param232 = '114', total_pages = 75
2024-09-06 18:00:40,019 [risk_factor_profile, line 83] ERROR: Could not find the table on page 72 for 21 and 114
2024-09-06 18:00:48,495 [risk_factor_profile, line 43] DEBUG: param02 = '22', param232 = '003', total_pages = 2
2024-09-06 18:00:52,265 [risk_factor_profile, line 43] DEBUG: param02 = '22', param232 = '232', total_pages = 2
2024-09-06 18:00:55,834 [risk_factor_profile, line 43] DEBUG: param02 = '22', param232 = '217', total_pages = 1
2024-09-06 18:00:58,879 [risk_factor_profile, line 43] DEBUG: param02 = '22', param232 = '999', total_pages = 1
2024-09-06 18:01:01,753 [risk_factor_profile, line 43] DEBUG: param02 = '22', param232 = '204', total_pages = 1
2024-09-06 18:01:04,527 [risk_factor_profile, line 43] DEBUG: param02 = '23', param232 = '020', total_pages = 19
2024-09-06 18:01:23,885 [risk_factor_profile, line 43] DEBUG: param02 = '23', param232 = '141', total_pages = 10
2024-09-06 18:01:34,915 [risk_factor_profile, line 43] DEBUG: param02 = '23', param232 = '005', total_pages = 6
2024-09-06 18:01:41,841 [risk_factor_profile, line 43] DEBUG: param02 = '23', param232 = '999', total_pages = 5
2024-09-06 18:01:47,976 [risk_factor_profile, line 43] DEBUG: param02 = '23', param232 = '079', total_pages = 4
2024-09-06 18:01:56,964 [risk_factor_profile, line 43] DEBUG: param02 = '24', param232 = '003', total_pages = 530
2024-09-06 18:34:36,643 [risk_factor_profile, line 43] DEBUG: param02 = '24', param232 = '217', total_pages = 497
2024-09-06 19:04:34,098 [risk_factor_profile, line 43] DEBUG: param02 = '24', param232 = '117', total_pages = 52
2024-09-06 19:05:35,751 [risk_factor_profile, line 43] DEBUG: param02 = '24', param232 = '063', total_pages = 42
2024-09-06 19:06:24,142 [risk_factor_profile, line 43] DEBUG: param02 = '24', param232 = '204', total_pages = 43
2024-09-06 19:07:13,627 [risk_factor_profile, line 43] DEBUG: param02 = '25', param232 = '050', total_pages = 42
2024-09-06 19:08:02,389 [risk_factor_profile, line 43] DEBUG: param02 = '25', param232 = '047', total_pages = 25
2024-09-06 19:08:29,592 [risk_factor_profile, line 43] DEBUG: param02 = '25', param232 = '204', total_pages = 21
2024-09-06 19:08:52,497 [risk_factor_profile, line 43] DEBUG: param02 = '25', param232 = '140', total_pages = 15
2024-09-06 19:09:08,651 [risk_factor_profile, line 43] DEBUG: param02 = '25', param232 = '005', total_pages = 11
2024-09-06 19:09:24,327 [risk_factor_profile, line 43] DEBUG: param02 = '26', param232 = '015', total_pages = 617
2024-09-06 19:52:50,697 [risk_factor_profile, line 43] DEBUG: param02 = '26', param232 = '002', total_pages = 418
2024-09-06 20:14:36,111 [risk_factor_profile, line 43] DEBUG: param02 = '26', param232 = '024', total_pages = 328
2024-09-06 20:29:28,085 [risk_factor_profile, line 43] DEBUG: param02 = '26', param232 = '011', total_pages = 212
2024-09-06 20:36:33,471 [risk_factor_profile, line 43] DEBUG: param02 = '26', param232 = '202', total_pages = 134
2024-09-06 20:40:12,537 [risk_factor_profile, line 43] DEBUG: param02 = '27', param232 = '014', total_pages = 223
2024-09-06 20:48:11,980 [risk_factor_profile, line 43] DEBUG: param02 = '27', param232 = '202', total_pages = 57
2024-09-06 20:49:21,310 [risk_factor_profile, line 43] DEBUG: param02 = '27', param232 = '028', total_pages = 30
2024-09-06 20:49:54,378 [risk_factor_profile, line 43] DEBUG: param02 = '27', param232 = '239', total_pages = 18
2024-09-06 20:50:13,469 [risk_factor_profile, line 43] DEBUG: param02 = '27', param232 = '139', total_pages = 14
2024-09-06 20:50:28,335 [risk_factor_profile, line 43] DEBUG: param02 = '28', param232 = '103', total_pages = 37
2024-09-06 20:51:09,647 [risk_factor_profile, line 43] DEBUG: param02 = '28', param232 = '022', total_pages = 28
2024-09-06 20:51:39,785 [risk_factor_profile, line 43] DEBUG: param02 = '28', param232 = '139', total_pages = 26
2024-09-06 20:52:08,251 [risk_factor_profile, line 43] DEBUG: param02 = '28', param232 = '013', total_pages = 22
2024-09-06 20:52:32,239 [risk_factor_profile, line 43] DEBUG: param02 = '28', param232 = '020', total_pages = 14
2024-09-06 20:52:47,384 [risk_factor_profile, line 43] DEBUG: param02 = '29', param232 = '013', total_pages = 30
2024-09-06 20:53:20,378 [risk_factor_profile, line 43] DEBUG: param02 = '29', param232 = '139', total_pages = 11
2024-09-06 20:53:32,571 [risk_factor_profile, line 43] DEBUG: param02 = '29', param232 = '010', total_pages = 5
2024-09-06 20:53:39,093 [risk_factor_profile, line 43] DEBUG: param02 = '29', param232 = '020', total_pages = 5
2024-09-06 20:53:45,644 [risk_factor_profile, line 43] DEBUG: param02 = '29', param232 = '112', total_pages = 5
2024-09-06 20:53:52,314 [risk_factor_profile, line 43] DEBUG: param02 = '30', param232 = '999', total_pages = 49
2024-09-06 20:54:50,538 [risk_factor_profile, line 43] DEBUG: param02 = '30', param232 = '228', total_pages = 33
2024-09-06 20:55:26,415 [risk_factor_profile, line 43] DEBUG: param02 = '30', param232 = '020', total_pages = 27
2024-09-06 20:55:54,420 [risk_factor_profile, line 43] DEBUG: param02 = '30', param232 = '005', total_pages = 8
2024-09-06 20:56:03,287 [risk_factor_profile, line 43] DEBUG: param02 = '30', param232 = '139', total_pages = 8
2024-09-06 20:56:12,012 [risk_factor_profile, line 43] DEBUG: param02 = '31', param232 = '999', total_pages = 4
2024-09-06 20:56:17,498 [risk_factor_profile, line 43] DEBUG: param02 = '31', param232 = '237', total_pages = 2
2024-09-06 20:56:21,348 [risk_factor_profile, line 43] DEBUG: param02 = '31', param232 = '013', total_pages = 1
2024-09-06 20:56:24,130 [risk_factor_profile, line 43] DEBUG: param02 = '31', param232 = '139', total_pages = 1
2024-09-06 20:56:27,026 [risk_factor_profile, line 43] DEBUG: param02 = '31', param232 = '010', total_pages = 1
2024-09-06 20:56:29,987 [risk_factor_profile, line 43] DEBUG: param02 = '32', param232 = '999', total_pages = 58
2024-09-06 20:57:40,164 [risk_factor_profile, line 43] DEBUG: param02 = '32', param232 = '139', total_pages = 54
2024-09-06 20:58:43,166 [risk_factor_profile, line 43] DEBUG: param02 = '32', param232 = '103', total_pages = 30
2024-09-06 20:59:15,040 [risk_factor_profile, line 43] DEBUG: param02 = '32', param232 = '140', total_pages = 29
2024-09-06 20:59:46,823 [risk_factor_profile, line 43] DEBUG: param02 = '32', param232 = '005', total_pages = 23
2024-09-06 21:00:11,810 [risk_factor_profile, line 43] DEBUG: param02 = '33', param232 = '999', total_pages = 10
2024-09-06 21:00:23,025 [risk_factor_profile, line 43] DEBUG: param02 = '33', param232 = '202', total_pages = 10
2024-09-06 21:00:34,199 [risk_factor_profile, line 43] DEBUG: param02 = '33', param232 = '100', total_pages = 6
2024-09-06 21:00:41,482 [risk_factor_profile, line 43] DEBUG: param02 = '33', param232 = '005', total_pages = 5
2024-09-06 21:00:47,788 [risk_factor_profile, line 43] DEBUG: param02 = '33', param232 = '139', total_pages = 5
2024-09-06 21:00:54,370 [risk_factor_profile, line 43] DEBUG: param02 = '34', param232 = '103', total_pages = 25
2024-09-06 21:01:21,536 [risk_factor_profile, line 43] DEBUG: param02 = '34', param232 = '099', total_pages = 25
2024-09-06 21:01:48,431 [risk_factor_profile, line 43] DEBUG: param02 = '34', param232 = '237', total_pages = 17
2024-09-06 21:02:06,500 [risk_factor_profile, line 43] DEBUG: param02 = '34', param232 = '999', total_pages = 6
2024-09-06 21:02:14,739 [risk_factor_profile, line 43] DEBUG: param02 = '34', param232 = '010', total_pages = 4
2024-09-06 21:02:20,417 [risk_factor_profile, line 43] DEBUG: param02 = '35', param232 = '103', total_pages = 23
2024-09-06 21:02:45,171 [risk_factor_profile, line 43] DEBUG: param02 = '35', param232 = '139', total_pages = 10
2024-09-06 21:02:56,285 [risk_factor_profile, line 43] DEBUG: param02 = '35', param232 = '999', total_pages = 7
2024-09-06 21:03:04,443 [risk_factor_profile, line 43] DEBUG: param02 = '35', param232 = '010', total_pages = 5
2024-09-06 21:03:10,803 [risk_factor_profile, line 43] DEBUG: param02 = '35', param232 = '237', total_pages = 2
2024-09-06 21:03:14,440 [risk_factor_profile, line 43] DEBUG: param02 = '36', param232 = '020', total_pages = 16
2024-09-06 21:03:31,966 [risk_factor_profile, line 43] DEBUG: param02 = '36', param232 = '999', total_pages = 16
2024-09-06 21:03:49,011 [risk_factor_profile, line 43] DEBUG: param02 = '36', param232 = '010', total_pages = 9
2024-09-06 21:03:59,544 [risk_factor_profile, line 43] DEBUG: param02 = '36', param232 = '228', total_pages = 6
2024-09-06 21:04:06,818 [risk_factor_profile, line 43] DEBUG: param02 = '36', param232 = '139', total_pages = 5
2024-09-06 21:04:13,884 [risk_factor_profile, line 43] DEBUG: param02 = '37', param232 = '100', total_pages = 99
2024-09-06 21:06:34,903 [risk_factor_profile, line 43] DEBUG: param02 = '37', param232 = '999', total_pages = 22
2024-09-06 21:06:59,180 [risk_factor_profile, line 43] DEBUG: param02 = '37', param232 = '010', total_pages = 13
2024-09-06 21:07:13,179 [risk_factor_profile, line 43] DEBUG: param02 = '37', param232 = '139', total_pages = 11
2024-09-06 21:07:25,084 [risk_factor_profile, line 43] DEBUG: param02 = '37', param232 = '237', total_pages = 9
2024-09-06 21:07:35,300 [risk_factor_profile, line 43] DEBUG: param02 = '38', param232 = '020', total_pages = 1
2024-09-06 21:07:38,349 [risk_factor_profile, line 43] DEBUG: param02 = '38', param232 = '999', total_pages = 1
2024-09-06 21:07:41,347 [risk_factor_profile, line 43] DEBUG: param02 = '38', param232 = '202', total_pages = 1
2024-09-06 21:07:44,111 [risk_factor_profile, line 43] DEBUG: param02 = '38', param232 = '023', total_pages = 1
2024-09-06 21:07:46,935 [risk_factor_profile, line 43] DEBUG: param02 = '38', param232 = '012', total_pages = 1
2024-09-06 21:07:50,284 [risk_factor_profile, line 43] DEBUG: param02 = '39', param232 = '202', total_pages = 70
2024-09-06 21:09:19,535 [risk_factor_profile, line 43] DEBUG: param02 = '39', param232 = '204', total_pages = 51
2024-09-06 21:10:20,178 [risk_factor_profile, line 43] DEBUG: param02 = '39', param232 = '217', total_pages = 44
2024-09-06 21:11:10,876 [risk_factor_profile, line 43] DEBUG: param02 = '39', param232 = '999', total_pages = 44
2024-09-06 21:12:02,471 [risk_factor_profile, line 43] DEBUG: param02 = '39', param232 = '239', total_pages = 38
2024-09-06 21:12:45,252 [risk_factor_profile, line 43] DEBUG: param02 = '40', param232 = '062', total_pages = 24
2024-09-06 21:13:11,641 [risk_factor_profile, line 43] DEBUG: param02 = '40', param232 = '139', total_pages = 6
2024-09-06 21:13:18,735 [risk_factor_profile, line 43] DEBUG: param02 = '40', param232 = '999', total_pages = 5
2024-09-06 21:13:25,598 [risk_factor_profile, line 43] DEBUG: param02 = '40', param232 = '221', total_pages = 4
2024-09-06 21:13:31,323 [risk_factor_profile, line 43] DEBUG: param02 = '40', param232 = '030', total_pages = 1
2024-09-06 21:13:34,383 [risk_factor_profile, line 43] DEBUG: param02 = '42', param232 = '067', total_pages = 2
2024-09-06 21:13:38,013 [risk_factor_profile, line 43] DEBUG: param02 = '42', param232 = '202', total_pages = 1
2024-09-06 21:13:40,777 [risk_factor_profile, line 43] DEBUG: param02 = '42', param232 = '003', total_pages = 1
2024-09-06 21:13:43,873 [risk_factor_profile, line 43] DEBUG: param02 = '42', param232 = '999', total_pages = 1
2024-09-06 21:13:46,993 [risk_factor_profile, line 43] DEBUG: param02 = '42', param232 = '046', total_pages = 1
2024-09-06 21:13:49,864 [risk_factor_profile, line 43] DEBUG: param02 = '43', param232 = '202', total_pages = 1
2024-09-06 21:13:53,015 [risk_factor_profile, line 43] DEBUG: param02 = '44', param232 = '012', total_pages = 1
2024-09-06 21:13:55,915 [risk_factor_profile, line 43] DEBUG: param02 = '44', param232 = '999', total_pages = 1
2024-09-06 21:13:59,154 [risk_factor_profile, line 43] DEBUG: param02 = '45', param232 = '214', total_pages = 27
2024-09-06 21:14:29,000 [risk_factor_profile, line 43] DEBUG: param02 = '45', param232 = '202', total_pages = 15
2024-09-06 21:14:45,727 [risk_factor_profile, line 43] DEBUG: param02 = '45', param232 = '999', total_pages = 15
2024-09-06 21:15:01,723 [risk_factor_profile, line 43] DEBUG: param02 = '45', param232 = '237', total_pages = 9
2024-09-06 21:15:11,785 [risk_factor_profile, line 43] DEBUG: param02 = '45', param232 = '140', total_pages = 8
2024-09-06 21:15:20,950 [risk_factor_profile, line 43] DEBUG: param02 = '47', param232 = '112', total_pages = 5
2024-09-06 21:15:27,325 [risk_factor_profile, line 43] DEBUG: param02 = '47', param232 = '140', total_pages = 2
2024-09-06 21:15:31,289 [risk_factor_profile, line 43] DEBUG: param02 = '47', param232 = '999', total_pages = 1
2024-09-06 21:15:34,577 [risk_factor_profile, line 43] DEBUG: param02 = '47', param232 = '003', total_pages = 1
2024-09-06 21:15:37,637 [risk_factor_profile, line 43] DEBUG: param02 = '47', param232 = '010', total_pages = 1
2024-09-06 21:15:40,921 [risk_factor_profile, line 43] DEBUG: param02 = '50', param232 = '020', total_pages = 67
2024-09-06 21:17:06,588 [risk_factor_profile, line 43] DEBUG: param02 = '50', param232 = '115', total_pages = 5
2024-09-06 21:17:13,187 [risk_factor_profile, line 43] DEBUG: param02 = '50', param232 = '999', total_pages = 3
2024-09-06 21:17:17,908 [risk_factor_profile, line 43] DEBUG: param02 = '50', param232 = '029', total_pages = 2
2024-09-06 21:17:21,839 [risk_factor_profile, line 43] DEBUG: param02 = '50', param232 = '140', total_pages = 2
2024-09-06 21:17:26,021 [risk_factor_profile, line 43] DEBUG: param02 = '55', param232 = '140', total_pages = 1
2024-09-06 21:17:29,269 [risk_factor_profile, line 43] DEBUG: param02 = '57', param232 = '003', total_pages = 17
2024-09-06 21:17:47,635 [risk_factor_profile, line 43] DEBUG: param02 = '57', param232 = '015', total_pages = 4
2024-09-06 21:17:53,408 [risk_factor_profile, line 43] DEBUG: param02 = '57', param232 = '010', total_pages = 3
2024-09-06 21:17:58,368 [risk_factor_profile, line 43] DEBUG: param02 = '57', param232 = '999', total_pages = 2
2024-09-06 21:18:02,221 [risk_factor_profile, line 43] DEBUG: param02 = '57', param232 = '112', total_pages = 2
2024-09-06 21:18:06,427 [risk_factor_profile, line 43] DEBUG: param02 = '58', param232 = '046', total_pages = 1
2024-09-06 21:18:09,096 [risk_factor_profile, line 43] DEBUG: param02 = '58', param232 = '999', total_pages = 1
2024-09-06 21:18:12,117 [risk_factor_profile, line 43] DEBUG: param02 = '59', param232 = '020', total_pages = 1
2024-09-06 21:18:15,158 [risk_factor_profile, line 43] DEBUG: param02 = '59', param232 = '003', total_pages = 1
2024-09-06 21:18:18,335 [risk_factor_profile, line 43] DEBUG: param02 = '60', param232 = '214', total_pages = 29
2024-09-06 21:18:50,338 [risk_factor_profile, line 43] DEBUG: param02 = '60', param232 = '115', total_pages = 28
2024-09-06 21:19:19,461 [risk_factor_profile, line 43] DEBUG: param02 = '60', param232 = '217', total_pages = 27
2024-09-06 21:19:48,051 [risk_factor_profile, line 43] DEBUG: param02 = '60', param232 = '003', total_pages = 24
2024-09-06 21:20:14,142 [risk_factor_profile, line 43] DEBUG: param02 = '60', param232 = '228', total_pages = 20
2024-09-06 21:20:36,022 [risk_factor_profile, line 43] DEBUG: param02 = '99', param232 = '010', total_pages = 114
2024-09-06 21:23:23,406 [risk_factor_profile, line 43] DEBUG: param02 = '99', param232 = '999', total_pages = 96
2024-09-06 21:25:36,321 [risk_factor_profile, line 43] DEBUG: param02 = '99', param232 = '098', total_pages = 54
2024-09-06 21:26:37,778 [risk_factor_profile, line 43] DEBUG: param02 = '99', param232 = '020', total_pages = 32
2024-09-06 21:27:11,082 [risk_factor_profile, line 43] DEBUG: param02 = '99', param232 = '112', total_pages = 32
